 #        time                      h  [L]                   theta [-]       Darcian flow [L.T^{-1}]   in    x         z              directions   cumulative flux
 #-----------------------------------------------------------------------------------------------

     0.500000000000E+000    -0.976169565145E+002     0.253786478769E+000    -0.747749526397E-002    -0.184283733385E+000     0.922176871944E-001
     0.100000000000E+001    -0.889903038062E+002     0.269803001328E+000    -0.288816529001E-001    -0.709383931193E+000     0.447203500893E+000
     0.150000000000E+001    -0.656889785923E+002     0.320539787962E+000    -0.158101919192E+000    -0.376803284575E+001     0.233287763389E+001
     0.200000000000E+001    -0.343971353612E+002     0.399907260671E+000    -0.602626024772E+000    -0.127174683659E+002     0.869874677652E+001
     0.250000000000E+001    -0.198183247625E+002     0.431343915954E+000    -0.545315070186E+000    -0.943249058103E+001     0.134228669879E+002
     0.300000000000E+001    -0.160897554796E+002     0.437440110966E+000    -0.318844860693E+000    -0.688660898697E+001     0.168698600756E+002
     0.350000000000E+001    -0.139338281847E+002     0.440481725915E+000    -0.170762151204E+000    -0.660214736954E+001     0.201720377510E+002
     0.400000000000E+001    -0.119814506334E+002     0.442903863177E+000    -0.139247346902E+000    -0.656196680476E+001     0.234537597902E+002
     0.450000000000E+001    -0.102023838613E+002     0.444821280130E+000    -0.169754174352E+000    -0.654577236607E+001     0.267277463643E+002
     0.500000000000E+001    -0.859711430967E+001     0.446304088738E+000    -0.214094698494E+000    -0.653620841714E+001     0.299976032806E+002
     0.550000000000E+001    -0.715471418822E+001     0.447430456411E+000    -0.223679189319E+000    -0.653112931936E+001     0.332650825294E+002
     0.600000000000E+001    -0.585556299218E+001     0.448274126577E+000    -0.228027353045E+000    -0.652916792582E+001     0.365316568159E+002
     0.650000000000E+001    -0.467862073275E+001     0.448895747639E+000    -0.228166845740E+000    -0.652888940058E+001     0.397980943599E+002
     0.700000000000E+001    -0.360528143949E+001     0.449343373365E+000    -0.229764936586E+000    -0.652969276343E+001     0.430649613418E+002
     0.750000000000E+001    -0.262134074110E+001     0.449652254703E+000    -0.234522657773E+000    -0.653097706203E+001     0.463325545793E+002
     0.800000000000E+001    -0.171715559443E+001     0.449850519317E+000    -0.239653828525E+000    -0.653165896324E+001     0.496005816129E+002
     0.850000000000E+001    -0.885729052858E+000     0.449960191551E+000    -0.240778385052E+000    -0.653065012302E+001     0.528681252339E+002
     0.900000000000E+001    -0.120942549804E+000     0.449999081662E+000    -0.246844595001E+000    -0.652713649291E+001     0.561340264514E+002
     0.950000000000E+001     0.582441529603E+000     0.450000000000E+000    -0.239459256472E+000    -0.640738847539E+001     0.593399571981E+002
     0.100000000000E+002     0.122836189079E+001     0.450000000000E+000    -0.242536707973E+000    -0.632546214238E+001     0.625050123070E+002
     0.105000000000E+002     0.184445970576E+001     0.450000000000E+000    -0.243714142180E+000    -0.631231767827E+001     0.656635226780E+002
     0.110000000000E+002     0.244444063015E+001     0.450000000000E+000    -0.246111513708E+000    -0.631339425991E+001     0.688226174042E+002
     0.115000000000E+002     0.303159964674E+001     0.450000000000E+000    -0.247566702964E+000    -0.631886587847E+001     0.719844742662E+002
     0.120000000000E+002     0.360784646729E+001     0.450000000000E+000    -0.249349331245E+000    -0.632540443102E+001     0.751496328841E+002
     0.125000000000E+002     0.417541603885E+001     0.450000000000E+000    -0.251466806518E+000    -0.633075986317E+001     0.783175089865E+002
     0.130000000000E+002     0.473593589872E+001     0.450000000000E+000    -0.254514150246E+000    -0.633452049956E+001     0.814873247308E+002
     0.135000000000E+002     0.528924740325E+001     0.450000000000E+000    -0.258208063126E+000    -0.633780415978E+001     0.846588556297E+002
     0.140000000000E+002     0.583545425221E+001     0.450000000000E+000    -0.262501632852E+000    -0.634079738978E+001     0.878319699771E+002
     0.145000000000E+002     0.637468397687E+001     0.450000000000E+000    -0.266030489577E+000    -0.634360698548E+001     0.910065613605E+002
     0.150000000000E+002     0.690710589757E+001     0.450000000000E+000    -0.268773920798E+000    -0.634631730148E+001     0.941825644584E+002
     0.155000000000E+002     0.743289961969E+001     0.450000000000E+000    -0.270164001123E+000    -0.634892263036E+001     0.973598985278E+002
     0.160000000000E+002     0.795224314019E+001     0.450000000000E+000    -0.270486695171E+000    -0.635137741791E+001     0.100538465743E+003
     0.165000000000E+002     0.846521790568E+001     0.450000000000E+000    -0.271189595601E+000    -0.635374445576E+001     0.103718230373E+003
     0.170000000000E+002     0.897211374756E+001     0.450000000000E+000    -0.271766992690E+000    -0.635601877312E+001     0.106899143447E+003
     0.175000000000E+002     0.947324228712E+001     0.450000000000E+000    -0.272442782559E+000    -0.635812942823E+001     0.110081125333E+003
     0.180000000000E+002     0.996852297346E+001     0.450000000000E+000    -0.272641835249E+000    -0.636032230620E+001     0.113264206914E+003
     0.185000000000E+002     0.104583693133E+002     0.450000000000E+000    -0.272943174315E+000    -0.636235069429E+001     0.116448308213E+003
     0.190000000000E+002     0.109428956180E+002     0.450000000000E+000    -0.273392964572E+000    -0.636433078029E+001     0.119633408290E+003
     0.195000000000E+002     0.114222003083E+002     0.450000000000E+000    -0.273934372909E+000    -0.636625454890E+001     0.122819480991E+003
     0.200000000000E+002     0.118966031230E+002     0.450000000000E+000    -0.269562506012E+000    -0.636844364320E+001     0.126006554036E+003
     0.205000000000E+002     0.123656746422E+002     0.450000000000E+000    -0.275274389999E+000    -0.636978805113E+001     0.129194420713E+003
     0.210000000000E+002     0.128303199333E+002     0.450000000000E+000    -0.273871697573E+000    -0.637172033356E+001     0.132383222436E+003
     0.215000000000E+002     0.132900840268E+002     0.450000000000E+000    -0.272081376490E+000    -0.637365404184E+001     0.135572951818E+003
     0.220000000000E+002     0.137452349844E+002     0.450000000000E+000    -0.272424261070E+000    -0.637530272738E+001     0.138763512108E+003
     0.225000000000E+002     0.141959012020E+002     0.450000000000E+000    -0.272722650934E+000    -0.637700725949E+001     0.141954930258E+003
     0.230000000000E+002     0.146421912774E+002     0.450000000000E+000    -0.273004285576E+000    -0.637857565983E+001     0.145147137910E+003
     0.235000000000E+002     0.150842220458E+002     0.450000000000E+000    -0.273162222743E+000    -0.638010966691E+001     0.148340115242E+003
     0.240000000000E+002     0.155220766832E+002     0.450000000000E+000    -0.273467708166E+000    -0.638164556618E+001     0.151533866356E+003
     0.245000000000E+002     0.159558312937E+002     0.450000000000E+000    -0.273599775434E+000    -0.638304857735E+001     0.154728321160E+003
     0.250000000000E+002     0.163855431597E+002     0.450000000000E+000    -0.273906109381E+000    -0.638452158372E+001     0.157923518353E+003
     0.255000000000E+002     0.168111816188E+002     0.450000000000E+000    -0.274170038725E+000    -0.638597577489E+001     0.161119447631E+003
     0.260000000000E+002     0.172519889262E+002     0.450000000000E+000    -0.269332115520E+000    -0.637342801655E+001     0.164309005770E+003
     0.265000000000E+002     0.176571932435E+002     0.450000000000E+000    -0.272440297666E+000    -0.638947158772E+001     0.167506644386E+003
     0.270000000000E+002     0.180677327440E+002     0.450000000000E+000    -0.272253824490E+000    -0.639115985297E+001     0.170705122400E+003
     0.275000000000E+002     0.184740812681E+002     0.450000000000E+000    -0.272418695438E+000    -0.639289337472E+001     0.173904469898E+003
     0.280000000000E+002     0.188751155363E+002     0.450000000000E+000    -0.272474352869E+000    -0.639484234727E+001     0.177104792183E+003
     0.285000000000E+002     0.192701556040E+002     0.450000000000E+000    -0.272256492569E+000    -0.639702072534E+001     0.180306198036E+003
     0.290000000000E+002     0.196585773423E+002     0.450000000000E+000    -0.272073563165E+000    -0.639935974969E+001     0.183508768458E+003
     0.295000000000E+002     0.200397865588E+002     0.450000000000E+000    -0.273462062073E+000    -0.640202140621E+001     0.186712698061E+003
     0.300000000000E+002     0.204133286430E+002     0.450000000000E+000    -0.273515910020E+000    -0.640482195899E+001     0.189918027813E+003
     0.305000000000E+002     0.207787161104E+002     0.450000000000E+000    -0.273635398968E+000    -0.640789471517E+001     0.193124895093E+003
     0.310000000000E+002     0.211355915536E+002     0.450000000000E+000    -0.273603056862E+000    -0.641088851155E+001     0.196333257220E+003
     0.315000000000E+002     0.214836651300E+002     0.450000000000E+000    -0.273658211143E+000    -0.641410064637E+001     0.199543225129E+003
     0.320000000000E+002     0.218227333597E+002     0.450000000000E+000    -0.273696146302E+000    -0.641738506099E+001     0.202754834562E+003
     0.325000000000E+002     0.221524831543E+002     0.450000000000E+000    -0.274916672147E+000    -0.642066552160E+001     0.205968108785E+003
     0.330000000000E+002     0.224732250796E+002     0.450000000000E+000    -0.275018512676E+000    -0.642401563075E+001     0.209183058707E+003
     0.335000000000E+002     0.227849754164E+002     0.450000000000E+000    -0.273894824267E+000    -0.642746547635E+001     0.212399708005E+003
     0.340000000000E+002     0.230873928889E+002     0.450000000000E+000    -0.274011308328E+000    -0.643083159309E+001     0.215618041315E+003
     0.345000000000E+002     0.233807719376E+002     0.450000000000E+000    -0.274221727556E+000    -0.643423011110E+001     0.218838076822E+003
     0.350000000000E+002     0.236652508288E+002     0.450000000000E+000    -0.274259743445E+000    -0.643745045047E+001     0.222059721849E+003
     0.355000000000E+002     0.239409893388E+002     0.450000000000E+000    -0.274388341964E+000    -0.644067345472E+001     0.225282979654E+003
     0.360000000000E+002     0.242081726943E+002     0.450000000000E+000    -0.274559445624E+000    -0.644382512451E+001     0.228507815507E+003
     0.365000000000E+002     0.244667737846E+002     0.450000000000E+000    -0.276130301053E+000    -0.644683122130E+001     0.231734186562E+003
     0.370000000000E+002     0.247176933111E+002     0.450000000000E+000    -0.274807060340E+000    -0.644991241354E+001     0.234962068571E+003
     0.375000000000E+002     0.249602201006E+002     0.450000000000E+000    -0.276469148560E+000    -0.645275539292E+001     0.238191406249E+003
     0.380000000000E+002     0.251952814890E+002     0.450000000000E+000    -0.276631707446E+000    -0.645561423726E+001     0.241422175518E+003
     0.385000000000E+002     0.254231122338E+002     0.450000000000E+000    -0.275240943325E+000    -0.645846892936E+001     0.244654341143E+003
     0.390000000000E+002     0.256432054907E+002     0.450000000000E+000    -0.276992356939E+000    -0.646105445754E+001     0.247887835749E+003
     0.395000000000E+002     0.258565209061E+002     0.450000000000E+000    -0.277171203893E+000    -0.646366444704E+001     0.251122637982E+003
     0.400000000000E+002     0.260630397136E+002     0.450000000000E+000    -0.277338042410E+000    -0.646616848931E+001     0.254358694661E+003
     0.405000000000E+002     0.262632332362E+002     0.450000000000E+000    -0.275977495361E+000    -0.646874926112E+001     0.257596011474E+003
     0.410000000000E+002     0.264565566382E+002     0.450000000000E+000    -0.277645589410E+000    -0.647097160983E+001     0.260834474097E+003
     0.415000000000E+002     0.266439787315E+002     0.450000000000E+000    -0.277782931402E+000    -0.647322850779E+001     0.264074067076E+003
     0.420000000000E+002     0.268257087099E+002     0.450000000000E+000    -0.276254917613E+000    -0.647554250546E+001     0.267314783336E+003
     0.425000000000E+002     0.270011581066E+002     0.450000000000E+000    -0.278033296322E+000    -0.647756897942E+001     0.270556549922E+003
     0.430000000000E+002     0.271715652729E+002     0.450000000000E+000    -0.276586873157E+000    -0.647976465776E+001     0.273799382416E+003
     0.435000000000E+002     0.273360625747E+002     0.450000000000E+000    -0.278309907926E+000    -0.648161846863E+001     0.277043177815E+003
     0.440000000000E+002     0.274956188688E+002     0.450000000000E+000    -0.278455961335E+000    -0.648353799780E+001     0.280287935229E+003
     0.445000000000E+002     0.276504126421E+002     0.450000000000E+000    -0.276926936823E+000    -0.648552433907E+001     0.283533652194E+003
     0.450000000000E+002     0.277997991182E+002     0.450000000000E+000    -0.278689724592E+000    -0.648721711123E+001     0.286780252486E+003
     0.455000000000E+002     0.279450189524E+002     0.450000000000E+000    -0.277121997941E+000    -0.648907385859E+001     0.290027746756E+003
     0.460000000000E+002     0.280854116537E+002     0.450000000000E+000    -0.277207562197E+000    -0.649082597987E+001     0.293276118115E+003
     0.465000000000E+002     0.282213930453E+002     0.450000000000E+000    -0.277352068246E+000    -0.649238532867E+001     0.296525271521E+003
     0.470000000000E+002     0.283531107957E+002     0.450000000000E+000    -0.277485631105E+000    -0.649397497677E+001     0.299775221877E+003
     0.475000000000E+002     0.284807064463E+002     0.450000000000E+000    -0.277530799130E+000    -0.649551949588E+001     0.303025944753E+003
     0.480000000000E+002     0.286040323632E+002     0.450000000000E+000    -0.279375630126E+000    -0.649685991981E+001     0.306277376729E+003
     0.485000000000E+002     0.287240660089E+002     0.450000000000E+000    -0.277700404289E+000    -0.649845016688E+001     0.309529567224E+003
     0.490000000000E+002     0.288400939713E+002     0.450000000000E+000    -0.277798350774E+000    -0.649985019667E+001     0.312782459188E+003
     0.495000000000E+002     0.289522339073E+002     0.450000000000E+000    -0.279645656283E+000    -0.650098676236E+001     0.316035958480E+003
     0.500000000000E+002     0.290614594665E+002     0.450000000000E+000    -0.277970793091E+000    -0.650248189734E+001     0.319290168775E+003
     0.505000000000E+002     0.291667435756E+002     0.450000000000E+000    -0.279820897133E+000    -0.650354562829E+001     0.322544950084E+003
     0.510000000000E+002     0.292693394209E+002     0.450000000000E+000    -0.278131486071E+000    -0.650489870892E+001     0.325800371115E+003
     0.515000000000E+002     0.293684909146E+002     0.450000000000E+000    -0.278359015056E+000    -0.650608368455E+001     0.329056388953E+003
     0.520000000000E+002     0.294645953892E+002     0.450000000000E+000    -0.278290006242E+000    -0.650723406288E+001     0.332312979980E+003
     0.525000000000E+002     0.295577403302E+002     0.450000000000E+000    -0.278368202341E+000    -0.650834414770E+001     0.335570127214E+003
     0.530000000000E+002     0.296480230811E+002     0.450000000000E+000    -0.278454365210E+000    -0.650934428996E+001     0.338827775902E+003
     0.535000000000E+002     0.297355357682E+002     0.450000000000E+000    -0.278519487738E+000    -0.651041739624E+001     0.342085962046E+003
     0.540000000000E+002     0.298203618871E+002     0.450000000000E+000    -0.278641458970E+000    -0.651133613039E+001     0.345344609743E+003
     0.545000000000E+002     0.299022972222E+002     0.450000000000E+000    -0.280426951657E+000    -0.651219613855E+001     0.348603725337E+003
     0.550000000000E+002     0.299822956259E+002     0.450000000000E+000    -0.278753268610E+000    -0.651323089262E+001     0.351863321940E+003
     0.555000000000E+002     0.300595640325E+002     0.450000000000E+000    -0.278789573258E+000    -0.651417119704E+001     0.355123389041E+003
     0.560000000000E+002     0.301344653477E+002     0.450000000000E+000    -0.278860880033E+000    -0.651504482761E+001     0.358383894082E+003
     0.565000000000E+002     0.302067788485E+002     0.450000000000E+000    -0.280688694643E+000    -0.651575401353E+001     0.361644792597E+003
     0.570000000000E+002     0.302774633566E+002     0.450000000000E+000    -0.278968855873E+000    -0.651671803134E+001     0.364906135784E+003
     0.575000000000E+002     0.303454057310E+002     0.450000000000E+000    -0.280816209568E+000    -0.651736147812E+001     0.368167840031E+003
     0.580000000000E+002     0.304115599187E+002     0.450000000000E+000    -0.280866771432E+000    -0.651811847943E+001     0.371429923516E+003
     0.585000000000E+002     0.304759960890E+002     0.450000000000E+000    -0.279152966263E+000    -0.651903183072E+001     0.374692426481E+003
     0.590000000000E+002     0.305378833820E+002     0.450000000000E+000    -0.280988772249E+000    -0.651960651078E+001     0.377955255918E+003
     0.595000000000E+002     0.305981748521E+002     0.450000000000E+000    -0.281048588233E+000    -0.652029159683E+001     0.381218428869E+003
     0.600000000000E+002     0.306566347473E+002     0.450000000000E+000    -0.281077649801E+000    -0.652096517400E+001     0.384481938921E+003
     0.605000000000E+002     0.307133195508E+002     0.450000000000E+000    -0.281153265028E+000    -0.652162616572E+001     0.387745780791E+003
     0.610000000000E+002     0.307682850712E+002     0.450000000000E+000    -0.281221712835E+000    -0.652227760474E+001     0.391009949552E+003
     0.615000000000E+002     0.308215863243E+002     0.450000000000E+000    -0.281261335869E+000    -0.652289567510E+001     0.394274427915E+003
     0.620000000000E+002     0.308735771095E+002     0.450000000000E+000    -0.279536597207E+000    -0.652363364317E+001     0.397539237887E+003
     0.625000000000E+002     0.309234039626E+002     0.450000000000E+000    -0.281345386453E+000    -0.652406279476E+001     0.400804301078E+003
     0.630000000000E+002     0.309720144881E+002     0.450000000000E+000    -0.281403253269E+000    -0.652461127352E+001     0.404069639501E+003
     0.635000000000E+002     0.310191577153E+002     0.450000000000E+000    -0.281428711365E+000    -0.652515756303E+001     0.407335251364E+003
     0.640000000000E+002     0.310648778075E+002     0.450000000000E+000    -0.281476574577E+000    -0.652568665831E+001     0.410601128559E+003
     0.645000000000E+002     0.311095233164E+002     0.450000000000E+000    -0.279720875489E+000    -0.652638718142E+001     0.413867317983E+003
     0.650000000000E+002     0.311522246630E+002     0.450000000000E+000    -0.281543463873E+000    -0.652668363801E+001     0.417133694646E+003
     0.655000000000E+002     0.311939292024E+002     0.450000000000E+000    -0.281575513834E+000    -0.652718217709E+001     0.420400321039E+003
     0.660000000000E+002     0.312343780124E+002     0.450000000000E+000    -0.281610050200E+000    -0.652764656315E+001     0.423667180152E+003
     0.665000000000E+002     0.312739133610E+002     0.450000000000E+000    -0.279854709924E+000    -0.652826321598E+001     0.426934309599E+003
     0.670000000000E+002     0.313119610167E+002     0.450000000000E+000    -0.279995711096E+000    -0.652868422376E+001     0.430201652376E+003
     0.675000000000E+002     0.313485603565E+002     0.450000000000E+000    -0.281704252337E+000    -0.652896894520E+001     0.433469174096E+003
     0.680000000000E+002     0.313846537153E+002     0.450000000000E+000    -0.279980640942E+000    -0.652950739293E+001     0.436736927757E+003
     0.685000000000E+002     0.314190615050E+002     0.450000000000E+000    -0.281751050042E+000    -0.652976281597E+001     0.440004847052E+003
     0.690000000000E+002     0.314530322431E+002     0.450000000000E+000    -0.279991976287E+000    -0.653033349787E+001     0.443273013629E+003
     0.695000000000E+002     0.314856859404E+002     0.450000000000E+000    -0.280021070271E+000    -0.653071092335E+001     0.446541369369E+003
     0.700000000000E+002     0.315170476330E+002     0.450000000000E+000    -0.281847504581E+000    -0.653088499556E+001     0.449809851312E+003
     0.705000000000E+002     0.315477608465E+002     0.450000000000E+000    -0.281851346519E+000    -0.653124588703E+001     0.453078513615E+003
     0.710000000000E+002     0.315775508197E+002     0.450000000000E+000    -0.281884954325E+000    -0.653158013502E+001     0.456347343612E+003
     0.715000000000E+002     0.316067539905E+002     0.450000000000E+000    -0.280115892913E+000    -0.653209427790E+001     0.459616392425E+003
     0.720000000000E+002     0.316347815420E+002     0.450000000000E+000    -0.280187834583E+000    -0.653237675556E+001     0.462885583889E+003
     0.725000000000E+002     0.316619673160E+002     0.450000000000E+000    -0.280212712497E+000    -0.653268856579E+001     0.466154931647E+003
     0.730000000000E+002     0.316880279794E+002     0.450000000000E+000    -0.281977062818E+000    -0.653285189393E+001     0.469424398918E+003
     0.735000000000E+002     0.317136004356E+002     0.450000000000E+000    -0.281992794380E+000    -0.653315141348E+001     0.472694016148E+003
     0.740000000000E+002     0.317387145950E+002     0.450000000000E+000    -0.280263249096E+000    -0.653356867963E+001     0.475963804642E+003
     0.745000000000E+002     0.317624697310E+002     0.450000000000E+000    -0.282039153719E+000    -0.653370647265E+001     0.479233700143E+003
     0.750000000000E+002     0.317858072404E+002     0.450000000000E+000    -0.282055531822E+000    -0.653397489411E+001     0.482503730083E+003
     0.755000000000E+002     0.318087549167E+002     0.450000000000E+000    -0.280287557894E+000    -0.653443369309E+001     0.485773951207E+003
     0.760000000000E+002     0.318307135029E+002     0.450000000000E+000    -0.280396011707E+000    -0.653461792678E+001     0.489044266688E+003
     0.765000000000E+002     0.318517060266E+002     0.450000000000E+000    -0.282124270703E+000    -0.653472315915E+001     0.492314671895E+003
     0.770000000000E+002     0.318723636252E+002     0.450000000000E+000    -0.282135611443E+000    -0.653497506208E+001     0.495585203181E+003
     0.775000000000E+002     0.318927132423E+002     0.450000000000E+000    -0.280379790953E+000    -0.653535877718E+001     0.498855888398E+003
     0.780000000000E+002     0.319121520750E+002     0.450000000000E+000    -0.280468924877E+000    -0.653555178272E+001     0.502126671941E+003
     0.785000000000E+002     0.319310086397E+002     0.450000000000E+000    -0.280470983608E+000    -0.653576684550E+001     0.505397562960E+003
     0.790000000000E+002     0.319492991814E+002     0.450000000000E+000    -0.280460301056E+000    -0.653598757241E+001     0.508668564012E+003
     0.795000000000E+002     0.319667296833E+002     0.450000000000E+000    -0.282214777928E+000    -0.653605203967E+001     0.511939634992E+003
     0.800000000000E+002     0.319839346039E+002     0.450000000000E+000    -0.282232284745E+000    -0.653625791409E+001     0.515210809192E+003
     0.805000000000E+002     0.320009350949E+002     0.450000000000E+000    -0.280495954585E+000    -0.653657889794E+001     0.518482106399E+003
     0.810000000000E+002     0.320171281772E+002     0.450000000000E+000    -0.280504788110E+000    -0.653677818911E+001     0.521753503350E+003
     0.815000000000E+002     0.320328359040E+002     0.450000000000E+000    -0.280504208597E+000    -0.653701496693E+001     0.525025018568E+003
     0.820000000000E+002     0.320480711028E+002     0.450000000000E+000    -0.280515956998E+000    -0.653719438256E+001     0.528296623663E+003
     0.825000000000E+002     0.320625365489E+002     0.450000000000E+000    -0.282304495689E+000    -0.653715311345E+001     0.531568246604E+003
     0.830000000000E+002     0.320771812507E+002     0.450000000000E+000    -0.280538154852E+000    -0.653752745561E+001     0.534840018558E+003
     0.835000000000E+002     0.320907745511E+002     0.450000000000E+000    -0.282340478492E+000    -0.653746717355E+001     0.538111799159E+003
     0.840000000000E+002     0.321045716805E+002     0.450000000000E+000    -0.280580270992E+000    -0.653778262794E+001     0.541383699485E+003
     0.845000000000E+002     0.321173452672E+002     0.450000000000E+000    -0.282359200602E+000    -0.653777749267E+001     0.544655635504E+003
     0.850000000000E+002     0.321303480957E+002     0.450000000000E+000    -0.280585715224E+000    -0.653814177427E+001     0.547927715355E+003
     0.855000000000E+002     0.321426617083E+002     0.450000000000E+000    -0.280597524984E+000    -0.653826946126E+001     0.551199859244E+003
     0.860000000000E+002     0.321542918806E+002     0.450000000000E+000    -0.282389019131E+000    -0.653819633205E+001     0.554472005132E+003
     0.865000000000E+002     0.321661874304E+002     0.450000000000E+000    -0.280627364513E+000    -0.653851346831E+001     0.557744271552E+003
     0.870000000000E+002     0.321771139270E+002     0.450000000000E+000    -0.282422233128E+000    -0.653846440105E+001     0.561016552065E+003
     0.875000000000E+002     0.321880128372E+002     0.450000000000E+000    -0.282418883152E+000    -0.653857519981E+001     0.564288887854E+003
     0.880000000000E+002     0.321985861070E+002     0.450000000000E+000    -0.282437720819E+000    -0.653870402212E+001     0.567561288401E+003
     0.885000000000E+002     0.322088441220E+002     0.450000000000E+000    -0.282434308119E+000    -0.653881278871E+001     0.570833743207E+003
     0.890000000000E+002     0.322187951420E+002     0.450000000000E+000    -0.282446165830E+000    -0.653892329052E+001     0.574106253468E+003
     0.895000000000E+002     0.322287621654E+002     0.450000000000E+000    -0.280691769765E+000    -0.653921027259E+001     0.577378869351E+003
     0.900000000000E+002     0.322381304687E+002     0.450000000000E+000    -0.280712535732E+000    -0.653931066447E+001     0.580651535828E+003
     0.905000000000E+002     0.322469052108E+002     0.450000000000E+000    -0.282501103136E+000    -0.653924876657E+001     0.583924209861E+003
     0.910000000000E+002     0.322560307731E+002     0.450000000000E+000    -0.280723231966E+000    -0.653951606329E+001     0.587196979173E+003
     0.915000000000E+002     0.322642705488E+002     0.450000000000E+000    -0.282491376401E+000    -0.653945325081E+001     0.590469755143E+003
     0.920000000000E+002     0.322725635836E+002     0.450000000000E+000    -0.282505062735E+000    -0.653954088802E+001     0.593742575186E+003
     0.925000000000E+002     0.322809242596E+002     0.450000000000E+000    -0.280737018685E+000    -0.653981730043E+001     0.597015495274E+003
     0.930000000000E+002     0.322887344475E+002     0.450000000000E+000    -0.280729454862E+000    -0.653995871018E+001     0.600288485839E+003
     0.935000000000E+002     0.322963096242E+002     0.450000000000E+000    -0.280738988264E+000    -0.654003061709E+001     0.603561512529E+003
     0.940000000000E+002     0.323033437535E+002     0.450000000000E+000    -0.282520251646E+000    -0.653988861918E+001     0.606834506603E+003
     0.945000000000E+002     0.323107832388E+002     0.450000000000E+000    -0.280751316632E+000    -0.654018119263E+001     0.610107608776E+003
     0.950000000000E+002     0.323176995711E+002     0.450000000000E+000    -0.280773520098E+000    -0.654022682644E+001     0.613380734221E+003
     0.955000000000E+002     0.323244098953E+002     0.450000000000E+000    -0.280764395348E+000    -0.654037345781E+001     0.616653932718E+003
     0.960000000000E+002     0.323306033742E+002     0.450000000000E+000    -0.282555740871E+000    -0.654020766721E+001     0.619927086934E+003
     0.965000000000E+002     0.323372295745E+002     0.450000000000E+000    -0.280767482562E+000    -0.654049403014E+001     0.623200345728E+003
     0.970000000000E+002     0.323430414004E+002     0.450000000000E+000    -0.282548457228E+000    -0.654033965644E+001     0.626473565720E+003
     0.975000000000E+002     0.323492952738E+002     0.450000000000E+000    -0.280797655833E+000    -0.654058470472E+001     0.629746870456E+003
     0.980000000000E+002     0.323547480997E+002     0.450000000000E+000    -0.282549640706E+000    -0.654047456133E+001     0.633020157863E+003
     0.985000000000E+002     0.323606501211E+002     0.450000000000E+000    -0.280873515541E+000    -0.654068824398E+001     0.636293515949E+003
     0.990000000000E+002     0.323657663769E+002     0.450000000000E+000    -0.282571361322E+000    -0.654061800079E+001     0.639566875477E+003
     0.995000000000E+002     0.323713431162E+002     0.450000000000E+000    -0.280807239437E+000    -0.654085304051E+001     0.642840314464E+003
     0.100000000000E+003     0.323761377476E+002     0.450000000000E+000    -0.282578400731E+000    -0.654070880731E+001     0.646113719506E+003
     0.100500000000E+003     0.323810898023E+002     0.450000000000E+000    -0.282585089162E+000    -0.654078836428E+001     0.649387164432E+003
