 #        time                      h  [L]                   theta [-]       Darcian flow [L.T^{-1}]   in    x         z              directions   cumulative flux
 #-----------------------------------------------------------------------------------------------

     0.500000000000E+000    -0.993164649622E+002     0.250800692471E+000    -0.299923664715E-002    -0.919692930739E-001     0.460090922780E-001
     0.100000000000E+001    -0.991234145072E+002     0.251137112096E+000    -0.877643242834E-003    -0.929717466130E-001     0.924970367527E-001
     0.150000000000E+001    -0.987454473592E+002     0.251797834031E+000    -0.376949395473E-002    -0.109460693564E+000     0.147259826401E+000
     0.200000000000E+001    -0.974901782901E+002     0.254011371855E+000    -0.552013953467E-002    -0.162998602783E+000     0.228805850905E+000
     0.250000000000E+001    -0.937879444148E+002     0.260715662304E+000    -0.136714171350E-001    -0.339403737258E+000     0.398645337267E+000
     0.300000000000E+001    -0.844249098362E+002     0.278879696536E+000    -0.419837626941E-001    -0.935140456488E+000     0.866686550647E+000
     0.350000000000E+001    -0.662961993266E+002     0.319083392480E+000    -0.929063299981E-001    -0.295760859253E+001     0.234622027557E+001
     0.400000000000E+001    -0.444733524138E+002     0.374347684126E+000    -0.168892527738E+000    -0.678519353643E+001     0.573986787118E+001
     0.450000000000E+001    -0.305206185866E+002     0.409160245173E+000    -0.130898395744E+000    -0.723445550374E+001     0.935768768516E+001
     0.500000000000E+001    -0.241459544428E+002     0.423103320597E+000    -0.123142398191E+000    -0.625775110330E+001     0.124871689889E+002
     0.550000000000E+001    -0.203916154395E+002     0.430319832434E+000    -0.125379868975E+000    -0.602553580759E+001     0.155005890509E+002
     0.600000000000E+001    -0.174866750742E+002     0.435275090342E+000    -0.154341896473E+000    -0.602097852185E+001     0.185120672503E+002
     0.650000000000E+001    -0.150490962000E+002     0.438954851503E+000    -0.189362624045E+000    -0.604949821411E+001     0.215382978613E+002
     0.700000000000E+001    -0.129475303380E+002     0.441745863953E+000    -0.221831112057E+000    -0.608170318375E+001     0.245811716123E+002
     0.750000000000E+001    -0.111064362759E+002     0.443882266141E+000    -0.246134850977E+000    -0.611289153690E+001     0.276400940250E+002
     0.800000000000E+001    -0.947761404414E+001     0.445520230583E+000    -0.260716082121E+000    -0.614242547328E+001     0.307140720491E+002
     0.850000000000E+001    -0.802601737365E+001     0.446773651693E+000    -0.260262810937E+000    -0.617000730365E+001     0.338018190780E+002
     0.900000000000E+001    -0.672178078961E+001     0.447729773689E+000    -0.279579537418E+000    -0.619357952337E+001     0.369017623045E+002
     0.950000000000E+001    -0.554397232630E+001     0.448451992995E+000    -0.277678709024E+000    -0.621408827194E+001     0.400119069360E+002
     0.100000000000E+002    -0.447360093324E+001     0.448990085073E+000    -0.295071540600E+000    -0.623039188476E+001     0.431305945707E+002
     0.105000000000E+002    -0.349779973168E+001     0.449381654183E+000    -0.301113823661E+000    -0.624370990301E+001     0.462560778489E+002
     0.110000000000E+002    -0.260489977856E+001     0.449656613942E+000    -0.304442211339E+000    -0.625413561926E+001     0.493868484171E+002
     0.115000000000E+002    -0.178553790226E+001     0.449838588777E+000    -0.304779812531E+000    -0.626190691116E+001     0.525215082431E+002
     0.120000000000E+002    -0.103180732364E+001     0.449945992139E+000    -0.304351715942E+000    -0.626707728266E+001     0.556587398106E+002
     0.125000000000E+002    -0.337054246342E+000     0.449994036923E+000    -0.303050438915E+000    -0.626964332654E+001     0.587972214105E+002
     0.130000000000E+002     0.304163713718E+000     0.450000000000E+000    -0.298556797876E+000    -0.621224947065E+001     0.619069311899E+002
     0.135000000000E+002     0.895037825725E+000     0.450000000000E+000    -0.291952445760E+000    -0.611505070246E+001     0.649679392478E+002
     0.140000000000E+002     0.144846309724E+001     0.450000000000E+000    -0.291985542447E+000    -0.608915800388E+001     0.680160165415E+002
     0.145000000000E+002     0.198587361090E+001     0.450000000000E+000    -0.292961635691E+000    -0.608809049681E+001     0.710635841133E+002
     0.150000000000E+002     0.251179442735E+001     0.450000000000E+000    -0.293255732418E+000    -0.609394849740E+001     0.741140843679E+002
     0.155000000000E+002     0.302842251554E+001     0.450000000000E+000    -0.293266263019E+000    -0.610219896686E+001     0.771687053481E+002
     0.160000000000E+002     0.353743829519E+001     0.450000000000E+000    -0.294722822950E+000    -0.611059975202E+001     0.802275568839E+002
     0.165000000000E+002     0.404096377553E+001     0.450000000000E+000    -0.297508815438E+000    -0.611743870670E+001     0.832898912805E+002
     0.170000000000E+002     0.453936294491E+001     0.450000000000E+000    -0.300536374916E+000    -0.612310364895E+001     0.863551286452E+002
     0.175000000000E+002     0.503242020090E+001     0.450000000000E+000    -0.307598918213E+000    -0.612822459419E+001     0.894230984043E+002
     0.180000000000E+002     0.552035392274E+001     0.450000000000E+000    -0.305048548446E+000    -0.613321049759E+001     0.924934943733E+002
     0.185000000000E+002     0.600303190966E+001     0.450000000000E+000    -0.305906212113E+000    -0.613786362605E+001     0.955662353525E+002
     0.190000000000E+002     0.648053872714E+001     0.450000000000E+000    -0.306988158513E+000    -0.614244591662E+001     0.986412915946E+002
     0.195000000000E+002     0.695294906920E+001     0.450000000000E+000    -0.308442624558E+000    -0.614676532375E+001     0.101718541211E+003
     0.200000000000E+002     0.742055903012E+001     0.450000000000E+000    -0.308445854866E+000    -0.615100300711E+001     0.104797907089E+003
     0.205000000000E+002     0.788314192812E+001     0.450000000000E+000    -0.310236364986E+000    -0.615498448487E+001     0.107879306146E+003
     0.210000000000E+002     0.834136794647E+001     0.450000000000E+000    -0.307033238487E+000    -0.615893159598E+001     0.110962596102E+003
     0.215000000000E+002     0.879480390532E+001     0.450000000000E+000    -0.307735243012E+000    -0.616266942585E+001     0.114047770142E+003
     0.220000000000E+002     0.924386538694E+001     0.450000000000E+000    -0.307351944735E+000    -0.616632677200E+001     0.117134761035E+003
     0.225000000000E+002     0.968858492195E+001     0.450000000000E+000    -0.307201353934E+000    -0.616988971510E+001     0.120223527446E+003
     0.230000000000E+002     0.101290832041E+002     0.450000000000E+000    -0.307060800600E+000    -0.617336605687E+001     0.123314026386E+003
     0.235000000000E+002     0.105654625199E+002     0.450000000000E+000    -0.306680144628E+000    -0.617680202236E+001     0.126406231746E+003
     0.240000000000E+002     0.109978236928E+002     0.450000000000E+000    -0.306466810974E+000    -0.618010293223E+001     0.129500080245E+003
     0.245000000000E+002     0.114262860824E+002     0.450000000000E+000    -0.302866726760E+000    -0.618373176976E+001     0.132595652360E+003
     0.250000000000E+002     0.118505984930E+002     0.450000000000E+000    -0.303075100910E+000    -0.618692371346E+001     0.135692823632E+003
     0.255000000000E+002     0.122708014714E+002     0.450000000000E+000    -0.303264426502E+000    -0.619013409864E+001     0.138791602805E+003
     0.260000000000E+002     0.126964865936E+002     0.450000000000E+000    -0.316644654543E+000    -0.618634934108E+001     0.141888826643E+003
     0.265000000000E+002     0.131016123169E+002     0.450000000000E+000    -0.301295805823E+000    -0.619726068665E+001     0.144991116893E+003
     0.270000000000E+002     0.135070028748E+002     0.450000000000E+000    -0.301777419002E+000    -0.620110591201E+001     0.148095339185E+003
     0.275000000000E+002     0.139071841772E+002     0.450000000000E+000    -0.302611127779E+000    -0.620520396008E+001     0.151201628357E+003
     0.280000000000E+002     0.143011934886E+002     0.450000000000E+000    -0.303369881879E+000    -0.620968992148E+001     0.154310176338E+003
     0.285000000000E+002     0.146883495675E+002     0.450000000000E+000    -0.304110879373E+000    -0.621469708428E+001     0.157421243007E+003
     0.290000000000E+002     0.150680822462E+002     0.450000000000E+000    -0.304751490764E+000    -0.622010800749E+001     0.160535027565E+003
     0.295000000000E+002     0.154400577760E+002     0.450000000000E+000    -0.301658867439E+000    -0.622632181178E+001     0.163651840095E+003
     0.300000000000E+002     0.158034662180E+002     0.450000000000E+000    -0.301807019929E+000    -0.623261220914E+001     0.166771797724E+003
     0.305000000000E+002     0.161581370471E+002     0.450000000000E+000    -0.301929018248E+000    -0.623922429642E+001     0.169895060479E+003
     0.310000000000E+002     0.165038097068E+002     0.450000000000E+000    -0.302124776744E+000    -0.624614813259E+001     0.173021785838E+003
     0.315000000000E+002     0.168403128525E+002     0.450000000000E+000    -0.302279372124E+000    -0.625326649968E+001     0.176152069959E+003
     0.320000000000E+002     0.171675469820E+002     0.450000000000E+000    -0.302450555471E+000    -0.626054916505E+001     0.179285995301E+003
     0.325000000000E+002     0.174856006375E+002     0.450000000000E+000    -0.305325738120E+000    -0.626766335894E+001     0.182423543221E+003
     0.330000000000E+002     0.177942859298E+002     0.450000000000E+000    -0.305501980840E+000    -0.627503096722E+001     0.185564774870E+003
     0.335000000000E+002     0.180936881686E+002     0.450000000000E+000    -0.303150548295E+000    -0.628262752129E+001     0.188709743424E+003
     0.340000000000E+002     0.183841568047E+002     0.450000000000E+000    -0.303351638648E+000    -0.628992396752E+001     0.191858360808E+003
     0.345000000000E+002     0.186657250557E+002     0.450000000000E+000    -0.303526015619E+000    -0.629711719495E+001     0.195010574832E+003
     0.350000000000E+002     0.189385654587E+002     0.450000000000E+000    -0.303862897130E+000    -0.630424195025E+001     0.198166355212E+003
     0.355000000000E+002     0.192028823847E+002     0.450000000000E+000    -0.304127742357E+000    -0.631121401985E+001     0.201325623960E+003
     0.360000000000E+002     0.194588928719E+002     0.450000000000E+000    -0.304346414720E+000    -0.631803590544E+001     0.204488304961E+003
     0.365000000000E+002     0.197069380742E+002     0.450000000000E+000    -0.306993556341E+000    -0.632448799643E+001     0.207654272169E+003
     0.370000000000E+002     0.199468948155E+002     0.450000000000E+000    -0.304997217637E+000    -0.633116728244E+001     0.210823526911E+003
     0.375000000000E+002     0.201794641712E+002     0.450000000000E+000    -0.307509922692E+000    -0.633726109207E+001     0.213995885674E+003
     0.380000000000E+002     0.204045167176E+002     0.450000000000E+000    -0.307860671136E+000    -0.634338065425E+001     0.217171309123E+003
     0.385000000000E+002     0.206222740509E+002     0.450000000000E+000    -0.305981894480E+000    -0.634951471679E+001     0.220349750646E+003
     0.390000000000E+002     0.208333148009E+002     0.450000000000E+000    -0.308403463964E+000    -0.635507298925E+001     0.223531026545E+003
     0.395000000000E+002     0.210374998148E+002     0.450000000000E+000    -0.308725263291E+000    -0.636066326547E+001     0.226715102097E+003
     0.400000000000E+002     0.212351721004E+002     0.450000000000E+000    -0.308992503596E+000    -0.636608549803E+001     0.229901892054E+003
     0.405000000000E+002     0.214264283089E+002     0.450000000000E+000    -0.307070522070E+000    -0.637150282545E+001     0.233091341088E+003
     0.410000000000E+002     0.216118374939E+002     0.450000000000E+000    -0.309426693390E+000    -0.637637033444E+001     0.236283277942E+003
     0.415000000000E+002     0.217912434272E+002     0.450000000000E+000    -0.309689646158E+000    -0.638128108183E+001     0.239477673657E+003
     0.420000000000E+002     0.219648437961E+002     0.450000000000E+000    -0.307915026870E+000    -0.638620429273E+001     0.242674485230E+003
     0.425000000000E+002     0.221331917576E+002     0.450000000000E+000    -0.310153026456E+000    -0.639056534474E+001     0.245873528850E+003
     0.430000000000E+002     0.222959801796E+002     0.450000000000E+000    -0.308267802285E+000    -0.639518181048E+001     0.249074832468E+003
     0.435000000000E+002     0.224538697241E+002     0.450000000000E+000    -0.310584118899E+000    -0.639928456780E+001     0.252278241023E+003
     0.440000000000E+002     0.226066643296E+002     0.450000000000E+000    -0.310812856857E+000    -0.640340474184E+001     0.255483712787E+003
     0.445000000000E+002     0.227545260992E+002     0.450000000000E+000    -0.309017409563E+000    -0.640760762125E+001     0.258691240152E+003
     0.450000000000E+002     0.228979786057E+002     0.450000000000E+000    -0.311188069942E+000    -0.641131155763E+001     0.261900669770E+003
     0.455000000000E+002     0.230366813092E+002     0.450000000000E+000    -0.309513200647E+000    -0.641521856230E+001     0.265112010130E+003
     0.460000000000E+002     0.231711492748E+002     0.450000000000E+000    -0.309801081485E+000    -0.641882080750E+001     0.268325156457E+003
     0.465000000000E+002     0.233014034347E+002     0.450000000000E+000    -0.309831573013E+000    -0.642234473096E+001     0.271540063432E+003
     0.470000000000E+002     0.234275804385E+002     0.450000000000E+000    -0.309981497935E+000    -0.642574784762E+001     0.274756673602E+003
     0.475000000000E+002     0.235498154459E+002     0.450000000000E+000    -0.310293284519E+000    -0.642901549015E+001     0.277974923207E+003
     0.480000000000E+002     0.236683670741E+002     0.450000000000E+000    -0.312265197193E+000    -0.643196858184E+001     0.281194695303E+003
     0.485000000000E+002     0.237829865134E+002     0.450000000000E+000    -0.310716717244E+000    -0.643522096748E+001     0.284416054247E+003
     0.490000000000E+002     0.238941720040E+002     0.450000000000E+000    -0.310876402584E+000    -0.643817592362E+001     0.287638892800E+003
     0.495000000000E+002     0.240020410164E+002     0.450000000000E+000    -0.312729845113E+000    -0.644088060467E+001     0.290863126931E+003
     0.500000000000E+002     0.241063282041E+002     0.450000000000E+000    -0.311242105323E+000    -0.644380486363E+001     0.294088785498E+003
     0.505000000000E+002     0.242076464121E+002     0.450000000000E+000    -0.313046606283E+000    -0.644633222746E+001     0.297315749914E+003
     0.510000000000E+002     0.243055947679E+002     0.450000000000E+000    -0.311508168632E+000    -0.644909452336E+001     0.300544056649E+003
     0.515000000000E+002     0.244006536761E+002     0.450000000000E+000    -0.311449218236E+000    -0.645163604495E+001     0.303773631245E+003
     0.520000000000E+002     0.244927878490E+002     0.450000000000E+000    -0.311813647494E+000    -0.645401099768E+001     0.307004400724E+003
     0.525000000000E+002     0.245820955040E+002     0.450000000000E+000    -0.311973059786E+000    -0.645636371403E+001     0.310236349037E+003
     0.530000000000E+002     0.246686640658E+002     0.450000000000E+000    -0.312051956018E+000    -0.645867613027E+001     0.313469454115E+003
     0.535000000000E+002     0.247525782502E+002     0.450000000000E+000    -0.312231663062E+000    -0.646084180505E+001     0.316703645105E+003
     0.540000000000E+002     0.248339224718E+002     0.450000000000E+000    -0.312233808391E+000    -0.646300135298E+001     0.319938914662E+003
     0.545000000000E+002     0.249129006872E+002     0.450000000000E+000    -0.314106327029E+000    -0.646489181604E+001     0.323175173652E+003
     0.550000000000E+002     0.249892115504E+002     0.450000000000E+000    -0.312544777952E+000    -0.646707173558E+001     0.326412483533E+003
     0.555000000000E+002     0.250633102281E+002     0.450000000000E+000    -0.312710196065E+000    -0.646901758691E+001     0.329650769198E+003
     0.560000000000E+002     0.251351441525E+002     0.450000000000E+000    -0.312810406743E+000    -0.647090863426E+001     0.332890001704E+003
     0.565000000000E+002     0.252049112182E+002     0.450000000000E+000    -0.314578835358E+000    -0.647252915167E+001     0.336130086327E+003
     0.570000000000E+002     0.252722964513E+002     0.450000000000E+000    -0.313101363543E+000    -0.647447871233E+001     0.339371108815E+003
     0.575000000000E+002     0.253378792517E+002     0.450000000000E+000    -0.314802440397E+000    -0.647601879661E+001     0.342612941631E+003
     0.580000000000E+002     0.254013400935E+002     0.450000000000E+000    -0.314938652893E+000    -0.647767756051E+001     0.345855606158E+003
     0.585000000000E+002     0.254627409931E+002     0.450000000000E+000    -0.313463667511E+000    -0.647944823793E+001     0.349099119259E+003
     0.590000000000E+002     0.255225286965E+002     0.450000000000E+000    -0.315140276557E+000    -0.648080985869E+001     0.352343352982E+003
     0.595000000000E+002     0.255803749643E+002     0.450000000000E+000    -0.315269602467E+000    -0.648230521914E+001     0.355588336645E+003
     0.600000000000E+002     0.256364647049E+002     0.450000000000E+000    -0.315406318646E+000    -0.648376203563E+001     0.358834051176E+003
     0.605000000000E+002     0.256908538993E+002     0.450000000000E+000    -0.315481996351E+000    -0.648519304989E+001     0.362080482208E+003
     0.610000000000E+002     0.257435956429E+002     0.450000000000E+000    -0.315589703304E+000    -0.648655684301E+001     0.365327596948E+003
     0.615000000000E+002     0.257947416565E+002     0.450000000000E+000    -0.315679880804E+000    -0.648788176318E+001     0.368575375557E+003
     0.620000000000E+002     0.258442120438E+002     0.450000000000E+000    -0.314159254205E+000    -0.648937255518E+001     0.371823861827E+003
     0.625000000000E+002     0.258924423338E+002     0.450000000000E+000    -0.315782524821E+000    -0.649042097846E+001     0.375072911037E+003
     0.630000000000E+002     0.259390913365E+002     0.450000000000E+000    -0.315908769628E+000    -0.649158882461E+001     0.378322546548E+003
     0.635000000000E+002     0.259843307851E+002     0.450000000000E+000    -0.315972295671E+000    -0.649279036288E+001     0.381572783662E+003
     0.640000000000E+002     0.260282058770E+002     0.450000000000E+000    -0.316056096560E+000    -0.649390665106E+001     0.384823580297E+003
     0.645000000000E+002     0.260706261019E+002     0.450000000000E+000    -0.314625518870E+000    -0.649516397161E+001     0.388074970163E+003
     0.650000000000E+002     0.261120239098E+002     0.450000000000E+000    -0.316142777118E+000    -0.649606388825E+001     0.391326846248E+003
     0.655000000000E+002     0.261520463713E+002     0.450000000000E+000    -0.316231976218E+000    -0.649710778435E+001     0.394579245833E+003
     0.660000000000E+002     0.261908620379E+002     0.450000000000E+000    -0.316291917026E+000    -0.649810390478E+001     0.397832144345E+003
     0.665000000000E+002     0.262283768803E+002     0.450000000000E+000    -0.314841691751E+000    -0.649926719956E+001     0.401085588652E+003
     0.670000000000E+002     0.262648889445E+002     0.450000000000E+000    -0.314717413699E+000    -0.650020806681E+001     0.404339499835E+003
     0.675000000000E+002     0.263004293284E+002     0.450000000000E+000    -0.316410440570E+000    -0.650093343467E+001     0.407593814321E+003
     0.680000000000E+002     0.263346428215E+002     0.450000000000E+000    -0.314913932711E+000    -0.650202033140E+001     0.410848635329E+003
     0.685000000000E+002     0.263680822733E+002     0.450000000000E+000    -0.316502796988E+000    -0.650267713136E+001     0.414103822877E+003
     0.690000000000E+002     0.264002578932E+002     0.450000000000E+000    -0.315097960443E+000    -0.650367847930E+001     0.417359476440E+003
     0.695000000000E+002     0.264315916196E+002     0.450000000000E+000    -0.315111541572E+000    -0.650448870553E+001     0.420615534970E+003
     0.700000000000E+002     0.264621152184E+002     0.450000000000E+000    -0.316615375398E+000    -0.650507803171E+001     0.423871924286E+003
     0.705000000000E+002     0.264915934965E+002     0.450000000000E+000    -0.316708160877E+000    -0.650584339371E+001     0.427128698085E+003
     0.710000000000E+002     0.265201856701E+002     0.450000000000E+000    -0.316746285469E+000    -0.650659455948E+001     0.430385847950E+003
     0.715000000000E+002     0.265477875387E+002     0.450000000000E+000    -0.315339158434E+000    -0.650748650079E+001     0.433643409129E+003
     0.720000000000E+002     0.265746878288E+002     0.450000000000E+000    -0.315260257196E+000    -0.650818000867E+001     0.436901314747E+003
     0.725000000000E+002     0.266007792839E+002     0.450000000000E+000    -0.315296142525E+000    -0.650885210113E+001     0.440159556885E+003
     0.730000000000E+002     0.266262183284E+002     0.450000000000E+000    -0.316866375497E+000    -0.650930190826E+001     0.443418061743E+003
     0.735000000000E+002     0.266507661616E+002     0.450000000000E+000    -0.316947178171E+000    -0.650994088129E+001     0.446676887674E+003
     0.740000000000E+002     0.266744456805E+002     0.450000000000E+000    -0.315473595355E+000    -0.651075098999E+001     0.449936082438E+003
     0.745000000000E+002     0.266976732655E+002     0.450000000000E+000    -0.316999806900E+000    -0.651114610921E+001     0.453195511550E+003
     0.750000000000E+002     0.267200766301E+002     0.450000000000E+000    -0.317048877285E+000    -0.651175064945E+001     0.456455243767E+003
     0.755000000000E+002     0.267416754033E+002     0.450000000000E+000    -0.315700416005E+000    -0.651243410783E+001     0.459715284593E+003
     0.760000000000E+002     0.267627545858E+002     0.450000000000E+000    -0.315569593055E+000    -0.651300782855E+001     0.462975608778E+003
     0.765000000000E+002     0.267833318334E+002     0.450000000000E+000    -0.317142938328E+000    -0.651333422874E+001     0.466236134135E+003
     0.770000000000E+002     0.268031634813E+002     0.450000000000E+000    -0.317194850526E+000    -0.651387833847E+001     0.469496932487E+003
     0.775000000000E+002     0.268222682635E+002     0.450000000000E+000    -0.315775491640E+000    -0.651454749213E+001     0.472758030584E+003
     0.780000000000E+002     0.268409277213E+002     0.450000000000E+000    -0.315703388791E+000    -0.651500582418E+001     0.476019355833E+003
     0.785000000000E+002     0.268590264940E+002     0.450000000000E+000    -0.315744271399E+000    -0.651547739264E+001     0.479280917579E+003
     0.790000000000E+002     0.268765816226E+002     0.450000000000E+000    -0.315785099987E+000    -0.651593362430E+001     0.482542708162E+003
     0.795000000000E+002     0.268937426067E+002     0.450000000000E+000    -0.317297545639E+000    -0.651617586996E+001     0.485804656418E+003
     0.800000000000E+002     0.269102611581E+002     0.450000000000E+000    -0.317377910931E+000    -0.651660191257E+001     0.489066819398E+003
     0.805000000000E+002     0.269261519247E+002     0.450000000000E+000    -0.315926972566E+000    -0.651721433886E+001     0.492329253021E+003
     0.810000000000E+002     0.269416938873E+002     0.450000000000E+000    -0.315933136651E+000    -0.651761696459E+001     0.495591887871E+003
     0.815000000000E+002     0.269567697210E+002     0.450000000000E+000    -0.316045289416E+000    -0.651794537849E+001     0.498854689450E+003
     0.820000000000E+002     0.269713937444E+002     0.450000000000E+000    -0.316065281039E+000    -0.651831513008E+001     0.502117676172E+003
     0.825000000000E+002     0.269857118603E+002     0.450000000000E+000    -0.317431361983E+000    -0.651856700109E+001     0.505380821833E+003
     0.830000000000E+002     0.269993401289E+002     0.450000000000E+000    -0.316152166451E+000    -0.651903112239E+001     0.508644168236E+003
     0.835000000000E+002     0.270128214374E+002     0.450000000000E+000    -0.317518038182E+000    -0.651921491158E+001     0.511907639576E+003
     0.840000000000E+002     0.270256377403E+002     0.450000000000E+000    -0.316110590475E+000    -0.651976282088E+001     0.515171350392E+003
     0.845000000000E+002     0.270383309404E+002     0.450000000000E+000    -0.317548825551E+000    -0.651986502994E+001     0.518435147156E+003
     0.850000000000E+002     0.270503826995E+002     0.450000000000E+000    -0.316250202836E+000    -0.652033985059E+001     0.521699149528E+003
     0.855000000000E+002     0.270622014238E+002     0.450000000000E+000    -0.316222373124E+000    -0.652064638665E+001     0.524963304315E+003
     0.860000000000E+002     0.270738004261E+002     0.450000000000E+000    -0.317600348688E+000    -0.652077800652E+001     0.528227558280E+003
     0.865000000000E+002     0.270847894609E+002     0.450000000000E+000    -0.316260999537E+000    -0.652125277394E+001     0.531492016840E+003
     0.870000000000E+002     0.270957105223E+002     0.450000000000E+000    -0.317642355771E+000    -0.652135237606E+001     0.534756558672E+003
     0.875000000000E+002     0.271061778022E+002     0.450000000000E+000    -0.317689343800E+000    -0.652160742347E+001     0.538021229019E+003
     0.880000000000E+002     0.271163307616E+002     0.450000000000E+000    -0.317728865001E+000    -0.652186890230E+001     0.541286030912E+003
     0.885000000000E+002     0.271261800405E+002     0.450000000000E+000    -0.317724726538E+000    -0.652215016101E+001     0.544550973168E+003
     0.890000000000E+002     0.271357354446E+002     0.450000000000E+000    -0.317743607562E+000    -0.652238541298E+001     0.547816033369E+003
     0.895000000000E+002     0.271448717625E+002     0.450000000000E+000    -0.316364938525E+000    -0.652280398222E+001     0.551081269140E+003
     0.900000000000E+002     0.271538630311E+002     0.450000000000E+000    -0.316315417041E+000    -0.652304480891E+001     0.554346623984E+003
     0.905000000000E+002     0.271627193985E+002     0.450000000000E+000    -0.317760182763E+000    -0.652303925928E+001     0.557612011125E+003
     0.910000000000E+002     0.271710479953E+002     0.450000000000E+000    -0.316373764005E+000    -0.652347820336E+001     0.560877583824E+003
     0.915000000000E+002     0.271793893499E+002     0.450000000000E+000    -0.317783427660E+000    -0.652349253238E+001     0.564143197899E+003
     0.920000000000E+002     0.271873537222E+002     0.450000000000E+000    -0.317812937057E+000    -0.652370028726E+001     0.567408916445E+003
     0.925000000000E+002     0.271949457895E+002     0.450000000000E+000    -0.316459867453E+000    -0.652407932804E+001     0.570674791440E+003
     0.930000000000E+002     0.272024393996E+002     0.450000000000E+000    -0.316477071489E+000    -0.652422653910E+001     0.573940740371E+003
     0.935000000000E+002     0.272097098943E+002     0.450000000000E+000    -0.316470665889E+000    -0.652441093494E+001     0.577206781236E+003
     0.940000000000E+002     0.272168966611E+002     0.450000000000E+000    -0.317817886788E+000    -0.652444234237E+001     0.580472870491E+003
     0.945000000000E+002     0.272236056172E+002     0.450000000000E+000    -0.316508147134E+000    -0.652477507267E+001     0.583739094119E+003
     0.950000000000E+002     0.272302427896E+002     0.450000000000E+000    -0.316451789191E+000    -0.652498883893E+001     0.587005423140E+003
     0.955000000000E+002     0.272366816654E+002     0.450000000000E+000    -0.316522629812E+000    -0.652509873279E+001     0.590271808759E+003
     0.960000000000E+002     0.272430625130E+002     0.450000000000E+000    -0.317834239632E+000    -0.652513521506E+001     0.593538244437E+003
     0.965000000000E+002     0.272489899806E+002     0.450000000000E+000    -0.316560019460E+000    -0.652541466000E+001     0.596804788740E+003
     0.970000000000E+002     0.272550036291E+002     0.450000000000E+000    -0.317882163910E+000    -0.652539126280E+001     0.600071353457E+003
     0.975000000000E+002     0.272605747207E+002     0.450000000000E+000    -0.316512291948E+000    -0.652576639101E+001     0.603338072263E+003
     0.980000000000E+002     0.272662420699E+002     0.450000000000E+000    -0.317879295054E+000    -0.652570002129E+001     0.606604791107E+003
     0.985000000000E+002     0.272714792704E+002     0.450000000000E+000    -0.316417475774E+000    -0.652601192564E+001     0.609871630239E+003
     0.990000000000E+002     0.272768199834E+002     0.450000000000E+000    -0.317906439838E+000    -0.652596853374E+001     0.613138483841E+003
     0.995000000000E+002     0.272817400717E+002     0.450000000000E+000    -0.316568880489E+000    -0.652629287996E+001     0.616405466952E+003
     0.100000000000E+003     0.272867759003E+002     0.450000000000E+000    -0.317912288441E+000    -0.652622125929E+001     0.619672446909E+003
     0.100500000000E+003     0.272915328242E+002     0.450000000000E+000    -0.317958427651E+000    -0.652634748315E+001     0.622939491025E+003
